/usr/local/diamond/3.10_x64/synpbase/bin/c_hdl  -osyn  "/home/user/Documents/Classes/ece271/Design Project/Diamond_Files/impl1/synwork/FinalProject_271_impl1_comp.srs"  -hdllog  "/home/user/Documents/Classes/ece271/Design Project/Diamond_Files/impl1/synlog/FinalProject_271_impl1_compiler.srr"  -encrypt  -mp  4  -verification_mode 0  -verilog  -prodtype  synplify_pro  -dspmac -fixsmult -infer_seqShift -nram -sdff_counter -divnmod -nostructver   -I "/home/user/Documents/Classes/ece271/Design Project/Diamond_Files"  -I "/home/user/Documents/Classes/ece271/Design Project/Diamond_Files/impl1/"  -I /usr/local/diamond/3.10_x64/synpbase/lib   -v2001  -devicelib  /usr/local/diamond/3.10_x64/synpbase/lib/lucent/machxo3lf.v  -devicelib  /usr/local/diamond/3.10_x64/synpbase/lib/lucent/pmi_def.v  -encrypt  -pro  -dmgen  "/home/user/Documents/Classes/ece271/Design Project/Diamond_Files/impl1/dm"  -ui -fid2 -ram -sharing on -ll 2000 -autosm  -D_MULTIPLE_FILE_COMPILATION_UNIT_  -lib work -fsysv /home/user/Documents/GitHub/ECE271-DesignProject/sysClk.sv -lib work -fsysv /home/user/Documents/GitHub/ECE271-DesignProject/buttonLUT1.sv -lib work -fsysv /home/user/Documents/GitHub/ECE271-DesignProject/buttonLUT2.sv -lib work -fsysv /home/user/Documents/GitHub/ECE271-DesignProject/KeyDecoder.sv -lib work -fsysv /home/user/Documents/GitHub/ECE271-DesignProject/keyLUT.sv -lib work -fsysv /home/user/Documents/GitHub/ECE271-DesignProject/Register.sv -lib work -fsysv /home/user/Documents/GitHub/ECE271-DesignProject/sync.sv -lib work -fsysv /home/user/Documents/GitHub/ECE271-DesignProject/Parser.sv -lib work -fsysv /home/user/Documents/GitHub/ECE271-DesignProject/SignalClockDivider.sv -lib work -fsysv /home/user/Documents/GitHub/ECE271-DesignProject/SignalLUT.sv -lib work -fsysv /home/user/Documents/GitHub/ECE271-DesignProject/SignalTOP_LEVEL.sv -lib work -fsysv /home/user/Documents/GitHub/ECE271-DesignProject/FSM.sv  -jobname  "compiler" 
relcom:/usr/local/diamond/3.10_x64/synpbase/bin/c_hdl -osyn "/home/user/Documents/Classes/ece271/Design Project/Diamond_Files/impl1/synwork/FinalProject_271_impl1_comp.srs" -hdllog "/home/user/Documents/Classes/ece271/Design Project/Diamond_Files/impl1/synlog/FinalProject_271_impl1_compiler.srr" -encrypt -mp 4 -verification_mode 0 -verilog -prodtype synplify_pro -dspmac -fixsmult -infer_seqShift -nram -sdff_counter -divnmod -nostructver -I "/home/user/Documents/Classes/ece271/Design Project/Diamond_Files" -I "/home/user/Documents/Classes/ece271/Design Project/Diamond_Files/impl1/" -I /usr/local/diamond/3.10_x64/synpbase/lib -v2001 -devicelib /usr/local/diamond/3.10_x64/synpbase/lib/lucent/machxo3lf.v -devicelib /usr/local/diamond/3.10_x64/synpbase/lib/lucent/pmi_def.v -encrypt -pro -dmgen "/home/user/Documents/Classes/ece271/Design Project/Diamond_Files/impl1/dm" -ui -fid2 -ram -sharing on -ll 2000 -autosm -D_MULTIPLE_FILE_COMPILATION_UNIT_ -lib work -fsysv ../../../../../../GitHub/ECE271-DesignProject/sysClk.sv -lib work -fsysv ../../../../../../GitHub/ECE271-DesignProject/buttonLUT1.sv -lib work -fsysv ../../../../../../GitHub/ECE271-DesignProject/buttonLUT2.sv -lib work -fsysv ../../../../../../GitHub/ECE271-DesignProject/KeyDecoder.sv -lib work -fsysv ../../../../../../GitHub/ECE271-DesignProject/keyLUT.sv -lib work -fsysv ../../../../../../GitHub/ECE271-DesignProject/Register.sv -lib work -fsysv ../../../../../../GitHub/ECE271-DesignProject/sync.sv -lib work -fsysv ../../../../../../GitHub/ECE271-DesignProject/Parser.sv -lib work -fsysv ../../../../../../GitHub/ECE271-DesignProject/SignalClockDivider.sv -lib work -fsysv ../../../../../../GitHub/ECE271-DesignProject/SignalLUT.sv -lib work -fsysv ../../../../../../GitHub/ECE271-DesignProject/SignalTOP_LEVEL.sv -lib work -fsysv ../../../../../../GitHub/ECE271-DesignProject/FSM.sv -jobname "compiler"
rc:0 success:1 runtime:2
file:../synwork/FinalProject_271_impl1_comp.srs|io:o|time:1512125172|size:2146|exec:0|csum:
file:../synlog/FinalProject_271_impl1_compiler.srr|io:o|time:1512125172|size:4472|exec:0|csum:
file:/usr/local/diamond/3.10_x64/synpbase/lib/lucent/machxo3lf.v|io:i|time:1501862963|size:51491|exec:0|csum:2C7EE925B72664F003E7171BA7097889
file:/usr/local/diamond/3.10_x64/synpbase/lib/lucent/pmi_def.v|io:i|time:1501862963|size:39414|exec:0|csum:530CC5906D70AB3C6A4AA0861AC94BDF
file:./-fsysv|io:i|time:0|size:0|exec:0|csum:
file:../../../../../../GitHub/ECE271-DesignProject/sysClk.sv|io:i|time:1512119860|size:241|exec:0|csum:F8B2C0230A035495CC6AE2F77697FD23
file:./-fsysv|io:i|time:0|size:0|exec:0|csum:
file:../../../../../../GitHub/ECE271-DesignProject/buttonLUT1.sv|io:i|time:1512119618|size:658|exec:0|csum:2D4CF581215EFE2E6EEC4B094FDF64BD
file:./-fsysv|io:i|time:0|size:0|exec:0|csum:
file:../../../../../../GitHub/ECE271-DesignProject/buttonLUT2.sv|io:i|time:1512120352|size:651|exec:0|csum:CB15C98CEE28DBDBB26959A5353E7372
file:./-fsysv|io:i|time:0|size:0|exec:0|csum:
file:../../../../../../GitHub/ECE271-DesignProject/KeyDecoder.sv|io:i|time:1512121633|size:1276|exec:0|csum:6A7CC68EF6E1916378242F037C22D150
file:./-fsysv|io:i|time:0|size:0|exec:0|csum:
file:../../../../../../GitHub/ECE271-DesignProject/keyLUT.sv|io:i|time:1512121797|size:647|exec:0|csum:A8CFF6297625483C928B2D6BB7662C81
file:./-fsysv|io:i|time:0|size:0|exec:0|csum:
file:../../../../../../GitHub/ECE271-DesignProject/Register.sv|io:i|time:1512124200|size:1407|exec:0|csum:6B76C62A99D0E9CE3C077B582F1721A1
file:./-fsysv|io:i|time:0|size:0|exec:0|csum:
file:../../../../../../GitHub/ECE271-DesignProject/sync.sv|io:i|time:1512124079|size:402|exec:0|csum:E616253B909DAF2A0FB1FE6D334A6A98
file:./-fsysv|io:i|time:0|size:0|exec:0|csum:
file:../../../../../../GitHub/ECE271-DesignProject/Parser.sv|io:i|time:1512118912|size:473|exec:0|csum:83579CD91C9EAE3BD10FCB0A8EA40428
file:./-fsysv|io:i|time:0|size:0|exec:0|csum:
file:../../../../../../GitHub/ECE271-DesignProject/SignalClockDivider.sv|io:i|time:1512118912|size:1370|exec:0|csum:CA9456458FAC91DD6DDDCBC40FEC1CBF
file:./-fsysv|io:i|time:0|size:0|exec:0|csum:
file:../../../../../../GitHub/ECE271-DesignProject/SignalLUT.sv|io:i|time:1512118912|size:17307|exec:0|csum:3088F4561133EFB371A83FE8D133D0F3
file:./-fsysv|io:i|time:0|size:0|exec:0|csum:
file:../../../../../../GitHub/ECE271-DesignProject/SignalTOP_LEVEL.sv|io:i|time:1512118912|size:843|exec:0|csum:D65CA41A305A7CEDDF518C645234859D
file:./-fsysv|io:i|time:0|size:0|exec:0|csum:
file:../../../../../../GitHub/ECE271-DesignProject/FSM.sv|io:i|time:1512124985|size:1119|exec:0|csum:D4EB00978D748FF7377A640849E6EEE4
file:/usr/local/diamond/3.10_x64/synpbase/linux_a_64/c_hdl|io:i|time:1501863398|size:7038200|exec:1|csum:543BF9E79D94AC87364CEB0A2B3B432E
file:/usr/local/diamond/3.10_x64/synpbase/bin/c_hdl|io:i|time:1501863019|size:365|exec:1|csum:4BFE636BF1E789CD3BE436D80F9E4F42
